[RUN #0 100 10]
948 -304 46 188 -435 519 147 -129 671 186 768 -657 -625 -62 -351 623 -179 -380 277 -802 -695 -100 515 236 322 -445 200 578 -502 -149 -426 -12 870 127 -483 -915 -134 -126 984 -273 83 60 951 92 -173 602 -914 -550 421 585 901 -974 198 90 49 134 -431 -880 -646 -924 524 -117 501 -711 815 -632 663 -218 229 -281 823 715 450 -913 594 142 -56 284 813 520 -697 676 -246 370 662 494 762 417 -696 -498 559 -471 7 215 -531 -270 565 86 298 -444
-223 121 -741 -990 -189 321 -411 103 -274 298 671 -131 -551 376 829 -696 -776 221 68 -248 278 919 493 -708 154 -895 202 -30 636 675 212 434 547 371 -344 -258 921 273 771 428 -536 882 -596 -936 -806 878 -844 -363 597 -884 -116 -860 -525 -28 932 -799 605 149 137 483 -504 -113 -93 -868 756 511 -110 907 116 705 -259 -547 -706 -22 -563 -805 39 -892 343 959 -136 651 691 -963 796 427 880 -978 -665 -804 -494 -152 -265 122 -554 96 -723 690 -873 803
-644 118 758 -80 -688 -595 110 269 175 -363 -366 277 -975 468 910 -501 -847 -699 -908 954 -904 -793 -479 722 626 450 251 -369 479 -261 -224 -227 691 804 630 -871 -99 -456 100 398 -462 713 310 419 240 981 18 -308 941 285 -734 527 473 -121 334 -43 -588 -943 671 -64 114 609 -274 -927 688 618 -983 -189 165 -445 -710 681 -155 -597 -534 38 186 788 837 189 -607 437 -215 525 -499 733 -407 -798 125 -65 528 -119 649 -399 -340 543 -393 469 -273 -241
454 -187 192 -919 497 129 -915 254 -121 -608 178 -43 -195 850 961 386 -801 -222 -257 968 390 -465 864 -47 -401 484 -977 989 677 678 -260 794 726 -974 329 988 -714 -566 67 -35 886 965 13 -248 -945 895 299 -234 66 915 191 -664 -902 -293 -797 490 815 -946 176 721 28 579 697 -493 -45 548 976 234 -551 940 438 -87 -744 138 -792 159 -391 537 -278 60 -436 416 187 -601 760 -839 951 964 -76 -838 -755 -292 737 -78 -893 -799 -46 584 646 368
-803 975 -167 904 554 -911 -737 -945 -377 -917 472 545 305 -461 453 543 -368 232 799 170 -386 38 18 234 -316 614 -329 -340 -735 -313 -857 212 -687 -228 484 -903 465 29 -598 -314 -608 -357 133 997 76 -204 903 -153 24 334 -14 -705 882 398 962 -169 660 -891 488 -921 -43 -716 261 -892 500 588 -714 444 -842 -343 352 841 574 421 571 640 -988 -10 502 -202 897 604 752 366 608 769 766 558 330 56 -395 84 793 418 -831 -640 382 55 -427 963
-272 431 -626 505 -756 -900 575 476 664 -568 629 313 87 475 857 -416 -619 -297 884 123 -861 -510 109 -837 -475 -903 -982 340 483 939 186 -45 -871 -415 -219 546 224 706 -481 212 771 -654 521 -680 -812 367 -158 325 770 900 -215 35 -114 -350 463 690 101 42 -835 366 -763 992 197 -23 917 766 -377 -334 570 -143 213 632 -44 426 -388 -952 502 -32 34 -839 98 415 -179 -33 -748 195 -661 708 -790 720 -640 -883 -864 348 503 264 303 851 -424 859
-352 -861 697 996 -905 707 515 -841 -497 -115 -518 337 -30 437 271 -849 -355 241 -586 -27 209 -38 -419 -268 62 206 -23 323 377 481 169 248 -876 -730 -378 -530 181 -682 9 975 214 152 382 -387 -749 -344 202 -912 -498 754 537 -451 -52 -759 466 -774 -995 510 297 -409 225 304 -703 632 965 88 -22 -913 -869 -888 124 629 258 -139 -944 -119 -508 -444 -1 771 -85 -862 -693 -718 -91 102 411 540 -955 -104 -430 -659 -214 650 793 -548 116 180 888 478
247 132 170 -573 -41 -340 199 -70 -802 -975 -915 -327 754 791 -874 -593 550 -843 -900 -262 464 178 -929 652 -696 989 104 -904 -960 -65 290 698 381 -121 -193 -637 638 377 455 -527 583 -198 295 -253 691 -460 -972 892 -760 -309 -547 184 -410 738 -365 -72 -154 -133 -515 941 -179 749 -706 -169 -498 -789 586 600 536 -249 311 -30 -567 766 -511 145 706 740 -577 893 -583 684 985 -948 252 69 -716 -958 886 -346 130 -660 -727 93 -524 -288 -40 -695 -743 -403
-940 844 593 264 394 -766 -85 432 -816 -784 -98 588 -846 164 -792 -392 9 993 309 -465 98 698 -452 274 777 665 -558 59 563 964 -308 -320 739 436 767 -904 694 398 -136 677 335 41 -391 -658 458 -580 -163 -322 -340 -62 -380 721 -966 -189 887 373 178 540 -54 861 -58 -848 -115 -803 826 -370 -813 619 -748 523 90 -514 213 272 -168 -132 140 381 -353 360 63 461 -298 -283 512 -89 -234 428 84 -117 421 601 -911 995 -851 -19 982 -414 871 -467
-550 -949 285 99 -542 448 290 53 -975 -520 40 718 -343 -279 785 317 -767 -686 525 -12 462 -351 267 977 241 294 881 -695 -200 41 -749 -69 -309 -276 -381 -609 -895 21 -273 -239 -635 -978 -582 817 411 -547 -375 -402 -236 -720 721 88 829 -16 -928 303 811 457 921 802 -970 -945 228 -98 -515 870 436 -838 -972 -480 -328 -598 572 995 22 107 421 -76 822 -242 -498 877 -704 -618 948 -172 -947 202 682 985 -968 588 5 801 -717 329 537 589 -816 444
[RUN #1 15 10]
-370 406 588 -930 692 -722 403 -136 259 -592 522 61 561 -744 -382
-759 -784 -27 474 -474 155 -247 127 -236 -242 -823 479 184 539 411
518 -859 -696 629 -332 -570 694 -60 948 -148 376 -335 207 -948 -706
383 -605 -910 -213 134 710 741 2 901 -499 339 747 -43 600 -653
-56 414 -82 -773 969 -330 308 503 -855 855 -281 783 318 -600 381
-54 -812 378 -150 440 891 588 838 713 802 384 -11 728 -998 623
156 -503 -249 -664 866 -720 903 -750 684 911 803 154 -602 225 110
800 877 -217 -58 741 523 892 420 -861 261 491 130 -945 -373 518
-395 -1000 -812 -995 -199 -169 -849 -857 321 -8 -598 107 -96 248 -451
-998 307 -126 -704 76 741 915 -496 -798 684 400 17 586 514 -500
[RUN #2 120 10]
-316 188 739 551 632 83 -347 872 -706 350 623 -282 -536 893 -864 -891 -859 -45 -573 -925 438 871 790 954 185 -172 -6 -3 573 -49 379 511 419 949 70 89 -180 595 223 -463 -73 353 155 -829 -357 346 686 -622 120 -980 838 -897 798 -953 568 -971 709 -981 295 -200 -508 -299 -923 180 114 -849 597 -227 327 -380 715 -826 -190 924 -885 -140 727 624 -941 -270 578 -734 -842 -641 864 -512 -607 -546 141 535 -19 -565 -517 559 -99 599 -506 -978 106 136 -514 -160 925 240 -794 778 678 254 5 -702 335 974 -437 975 -992 918 -128 -603 45 -370
-230 -32 226 4 -883 -702 197 -600 -533 -489 -424 213 666 -421 200 615 -805 -417 51 -590 799 -186 939 573 762 517 341 651 108 433 -352 -904 557 767 408 -525 -523 -914 -353 -687 64 789 250 -454 -712 -250 559 878 628 753 623 -623 -309 -145 -85 453 740 -402 529 828 -496 137 101 794 810 124 -646 -93 -559 -239 -737 476 976 457 -460 514 -827 83 960 170 318 -935 -692 859 271 154 -197 938 990 -349 -9 -777 -393 -817 665 -273 798 -361 -133 -26 663 638 462 454 -866 605 -546 570 993 -406 834 5 549 847 869 -464 -589 -423 -835 -124
861 -518 714 987 85 -160 375 -720 -708 -845 -481 -255 2 431 -507 -850 -4 -497 720 -776 -158 -102 542 -360 774 352 -414 -167 -585 -498 -41 -180 872 -908 -217 50 321 -494 516 602 -989 -172 -305 -271 -751 -700 20 156 -50 -539 -375 -998 -952 -199 551 653 -341 -344 -38 292 -25 -101 758 577 419 658 447 -677 -668 -742 -848 -66 796 -488 327 -496 -567 976 982 -703 -155 425 -413 -806 58 35 998 -963 -430 -948 977 -929 326 236 841 -770 128 93 -249 -499 -108 282 735 -286 -329 365 606 -109 487 -820 -764 883 826 -683 348 -443 394 -140 -378 -544
584 181 697 -310 346 -953 589 86 318 537 563 254 706 -832 109 -265 -316 289 453 -313 67 -524 -881 -178 -856 -921 -540 -505 908 192 943 -518 -328 -776 551 910 232 339 856 616 -243 443 991 359 -783 -995 771 -336 999 348 312 -417 -388 -980 593 385 -373 361 -581 -993 -537 99 366 795 -892 -175 7 -660 773 -907 -973 -89 -25 -725 135 -78 859 -139 953 79 909 15 481 527 -421 12 -108 774 -45 962 419 22 -367 -377 652 502 -430 944 606 -719 990 -824 693 -245 -986 -247 237 -875 -757 -707 -380 882 535 -507 -415 -662 628 973 218 -565
-447 341 -271 499 99 -71 -670 96 -369 -385 55 -12 503 -938 446 918 -454 246 959 -33 -712 107 675 -754 437 -945 703 -851 -855 -872 -224 -409 -348 -102 -275 155 -798 574 28 514 -226 593 872 705 -357 17 527 72 744 -457 -758 -859 504 491 -246 -710 954 -941 571 119 404 115 -18 -322 -1000 -795 -20 -215 809 -445 -821 -78 -893 283 226 -279 612 -334 363 -667 466 231 -187 -153 -839 344 -792 291 -686 354 -760 -647 -500 -212 -31 -521 -297 930 774 394 -702 -143 -696 327 -507 -980 -118 -789 -943 -305 -689 258 545 -825 -66 -889 78 -964 -982 385
-174 21 675 167 -539 -744 -648 -34 18 32 601 347 -886 691 26 665 851 -434 896 788 916 912 897 -117 947 343 -227 -350 -428 889 895 633 797 751 136 -826 972 -411 513 944 -35 14 -214 -92 -671 -333 -701 -757 469 -914 -822 530 86 -103 -933 802 -737 -489 -45 -622 -972 -982 531 -866 -655 176 570 -720 -714 -487 266 -75 -481 -846 857 307 342 678 927 -785 126 795 -72 225 345 533 484 -183 981 724 -896 -54 -502 -526 -25 365 -435 712 468 -869 -590 -185 -306 -414 479 178 746 195 75 850 315 245 -23 -76 -832 -780 -409 -536 959 201
-715 559 -381 -321 -87 -163 -957 -892 659 364 -186 746 358 954 -10 240 605 -487 798 -660 -953 -904 -178 -521 909 -631 -981 754 -135 207 214 401 105 763 555 782 627 271 -287 345 -979 -875 -570 -707 463 -538 226 498 918 638 175 441 -721 -604 991 -864 785 -79 -153 -214 -298 19 -602 -216 776 102 673 476 -609 243 118 684 394 -674 160 -295 532 -641 489 -359 412 -724 -694 768 -260 -380 -465 -655 845 462 -54 581 284 -38 947 518 468 -27 224 646 -156 275 -208 903 858 547 62 812 134 398 -428 -501 70 111 482 142 -280 -152 803 806
594 717 437 -67 806 -384 -880 352 -413 483 -318 -611 -964 962 -131 -903 -840 -279 457 -596 218 544 502 600 -214 -602 2 0 -217 161 69 704 -332 -809 -445 370 -915 755 187 860 -579 924 -670 826 277 -84 129 641 611 111 621 -853 659 -363 210 418 175 -821 435 -330 585 782 -355 -187 -280 -190 145 84 -289 -362 417 916 835 319 -466 -995 -858 -759 258 -336 -566 -693 557 315 -173 264 -793 59 407 -37 -11 410 -922 -771 827 179 -581 -262 -768 -667 875 795 -283 -838 -901 11 -575 -200 -510 -623 737 -130 676 -774 236 -754 184 182 570 -620
100 427 402 800 -880 -396 711 -54 -714 853 253 -541 -205 893 -968 289 -807 -874 251 -953 108 -285 76 -659 480 -153 -199 -717 -443 -77 182 -237 -578 511 -506 -461 984 44 518 637 -952 566 -592 -291 107 417 393 648 -813 -657 520 -43 195 472 -843 -651 -57 811 -525 -171 -265 939 90 -166 -360 437 265 -103 -713 -436 -889 -80 -438 36 -545 272 662 429 963 -871 886 -13 15 574 779 -328 54 -646 -960 -427 746 929 -834 117 834 672 286 587 -261 -908 -258 -524 -150 806 -247 134 563 -802 652 -392 -257 207 915 790 650 -95 193 -838 -570 -218
262 -126 -691 681 692 -470 526 -520 238 145 -674 -76 -660 386 -148 -570 -843 921 868 228 523 508 359 668 -586 904 -732 661 445 -791 260 816 328 -329 -236 -902 0 985 -60 -183 -826 -452 473 -453 178 909 440 993 533 61 -251 798 385 460 452 142 -243 -741 713 487 84 485 -673 -822 403 802 -813 -360 -130 800 618 -848 560 -601 778 -327 28 -899 952 -351 264 -975 -119 538 22 -178 916 -515 267 -706 -538 588 -850 -74 -63 107 -823 -863 585 -556 321 -208 571 3 -616 -711 -582 475 -59 -676 76 -664 620 -576 329 -70 181 -665 319 796
[RUN #3 45 10]
0 520 201 976 340 844 -646 -890 -925 106 196 -547 647 -235 244 96 136 855 208 -492 406 296 -807 135 -933 -801 -265 118 -152 -585 -26 827 731 -242 159 795 70 -46 -514 -476 -870 -227 308 -617 765
-114 -544 -594 989 -244 -250 213 -858 858 911 710 638 196 195 856 821 235 10 932 -684 -396 -879 -951 250 -348 -895 276 267 877 -294 743 144 873 6 -581 359 -224 329 -146 437 192 -442 945 -731 363
-107 790 240 586 649 791 -500 147 767 286 186 98 -886 -479 260 637 -589 34 -163 408 -170 567 177 -648 703 -536 -851 -254 -401 -721 401 138 -995 -201 -160 -354 211 652 -565 340 -962 -112 -496 -353 -162
-314 -418 -743 969 -237 412 -580 -723 -546 -277 581 809 922 -56 -374 537 -275 416 20 310 -688 194 781 589 -245 -444 479 -332 504 -250 814 -632 283 556 739 -156 -888 -50 217 746 -446 292 -391 -605 272
603 887 -556 -462 -994 -28 34 525 899 -427 -675 -762 -439 -843 556 -395 2 -388 -825 514 -599 814 -90 650 28 -43 -238 824 218 233 -689 -294 -408 -217 462 -7 -824 213 -967 708 -163 764 344 307 -14
[RUN #4 44 10]
-598 795 64 -174 -527 371 -180 897 516 529 -224 449 318 467 542 -766 -440 280 -322 -310 385 303 463 40 -60 405 72 -625 -389 -744 910 144 879 998 -537 -323 250 189 -86 819 888 -631 -377 -675
635 -639 -241 6 372 580 -538 999 661 -584 534 -685 -443 685 -678 592 911 -636 -708 812 -674 74 -43 -33 128 0 -774 673 -128 -881 -388 455 660 -378 927 -360 -123 -168 -987 127 -446 177 -516 414
-85 712 833 95 377 -816 -750 -899 303 -430 -172 -219 -155 229 -904 -683 -832 -424 923 409 -238 921 633 458 674 391 595 -400 -342 47 306 -442 183 -752 202 638 -395 262 851 -356 -873 -225 472 -977
-407 84 779 -718 625 470 637 -3 -55 134 -657 774 517 -863 903 -414 -698 -478 763 615 755 -393 -604 -268 222 918 221 -872 -601 -643 997 873 -834 -357 344 -287 474 -29 200 502 99 290 -652 -469
[RUN #5 39 10]
686 -684 808 -903 -113 -786 -506 -279 511 -821 313 -180 504 -979 799 297 329 -125 853 -877 -466 203 -292 -779 952 756 251 -431 -818 569 345 -493 -945 681 405 -455 -775 -768 -390
138 918 -107 -313 938 817 289 -589 -458 -820 -341 30 686 -815 302 -66 -72 -109 782 101 396 -317 636 -321 -996 887 -711 -408 839 522 -749 -12 579 607 -227 -491 214 908 -51
442 747 -899 -761 -270 1 -939 -827 -633 -240 -488 829 467 -385 438 674 365 -105 -392 309 -934 561 -768 433 -984 -300 -360 -355 -571 -435 -621 -698 -583 612 106 436 647 378 -420
-664 -677 289 415 853 -768 -77 -804 293 -132 -583 -640 996 684 -734 -394 614 765 172 939 -3 906 850 747 -982 -401 665 212 -502 -678 99 498 -645 -207 -522 -461 699 147 -138
554 -878 -54 887 -308 808 -317 162 -25 -419 -90 103 552 899 880 -762 -143 960 -546 511 -394 122 620 -802 -868 -16 -251 221 535 860 83 183 325 -879 -152 -488 187 -414 435
119 352 -793 -764 -221 703 701 7 153 246 -799 -332 665 759 -590 168 73 141 -499 3 687 348 -830 -635 -733 -838 889 816 -912 905 -853 -926 10 741 -472 -900 -791 43 279
-529 512 143 215 420 326 863 -345 -609 802 687 -20 -443 949 723 403 643 -63 -42 -341 -608 -587 255 265 710 -865 -148 753 317 -765 -86 223 288 667 366 957 -134 -497 95
-473 215 -775 -574 808 -498 -23 -526 315 207 922 353 607 471 497 -282 -922 -841 -579 -513 294 805 -758 -55 -587 -723 -9 -35 -181 378 816 -41 -303 -412 323 -249 -820 162 -779
604 -800 -853 -697 -609 -957 502 740 -498 26 546 745 -53 -416 -978 718 -4 215 135 -136 -60 -875 -795 562 -579 -200 816 910 -348 -713 906 -982 -177 -681 542 861 -940 -685 446
-404 -82 785 117 -201 -580 -750 570 -198 91 -688 -489 8 -700 874 821 -766 -14 656 -731 -267 -375 -7 -449 528 -27 611 264 -863 536 744 544 -687 -58 6 -696 -169 -948 -455
